current directory: /home/najma/Documents/Moringa/Development/Code/Phase4/phase-4-active-record-validations-lab/Documents/Moringa/De/ruby/3.2.0/gems/oj-3.15.0/ext/oj
/home/najma/.rbenv/versions/3.2.2/bin/ruby extconf.rb
>>>>> Creating Makefile for ruby version 3.2.2 on x86_64-linux <<<<<
checking for rb_gc_mark_movable()... yes
checking for stpcpy()... yes
checking for pthread_mutex_init()... yes
checking for rb_enc_interned_str()... yes
checking for rb_ext_ractor_safe() in ruby.h... yes
checking for rb_hash_bulk_insert() in ruby.h... yes
creating Makefile

current directory: /home/najma/Documents/Moringa/Development/Code/Phase4/phase-4-active-record-validations-lab/Documents/Moringa/De/ruby/3.2.0/gems/oj-3.15.0/ext/oj
make DESTDIR\= sitearchdir\=./.gem.20230623-10528-lx81kx sitelibdir\=./.gem.20230623-10528-lx81kx clean

current directory: /home/najma/Documents/Moringa/Development/Code/Phase4/phase-4-active-record-validations-lab/Documents/Moringa/De/ruby/3.2.0/gems/oj-3.15.0/ext/oj
make DESTDIR\= sitearchdir\=./.gem.20230623-10528-lx81kx sitelibdir\=./.gem.20230623-10528-lx81kx
compiling cache.c
compiling cache8.c
compiling circarray.c
compiling code.c
compiling compat.c
compiling custom.c
compiling debug.c
compiling dump.c
compiling dump_compat.c
compiling dump_leaf.c
compiling dump_object.c
compiling dump_strict.c
compiling encoder.c
compiling err.c
compiling fast.c
compiling intern.c
compiling mem.c
compiling mimic_json.c
compiling object.c
compiling odd.c
compiling oj.c
compiling parse.c
compiling parser.c
compiling rails.c
compiling reader.c
compiling resolve.c
compiling rxclass.c
compiling saj.c
compiling saj2.c
compiling scp.c
compiling sparse.c
compiling stream_writer.c
compiling strict.c
compiling string_writer.c
compiling trace.c
compiling usual.c
compiling util.c
compiling val_stack.c
compiling validate.c
compiling wab.c
linking shared-object oj/oj.so

current directory: /home/najma/Documents/Moringa/Development/Code/Phase4/phase-4-active-record-validations-lab/Documents/Moringa/De/ruby/3.2.0/gems/oj-3.15.0/ext/oj
make DESTDIR\= sitearchdir\=./.gem.20230623-10528-lx81kx sitelibdir\=./.gem.20230623-10528-lx81kx install
/bin/install -c -m 0755 oj.so ./.gem.20230623-10528-lx81kx/oj

current directory: /home/najma/Documents/Moringa/Development/Code/Phase4/phase-4-active-record-validations-lab/Documents/Moringa/De/ruby/3.2.0/gems/oj-3.15.0/ext/oj
make DESTDIR\= sitearchdir\=./.gem.20230623-10528-lx81kx sitelibdir\=./.gem.20230623-10528-lx81kx clean
